This is pdfTeX, Version 3.1415926-2.4-1.40.13 (MiKTeX 2.9 64-bit) (preloaded format=pdflatex 2012.11.3)  14 OCT 2013 11:17
entering extended mode
**ScatteringInNaTA.tex
(F:\Research\Works\NanofiberTrappedAtoms\Notes\Scattering\ScatteringInNaTA.tex
LaTeX2e <2011/06/27>
Babel <v3.8m> and hyphenation patterns for english, afrikaans, ancientgreek, ar
abic, armenian, assamese, basque, bengali, bokmal, bulgarian, catalan, coptic, 
croatian, czech, danish, dutch, esperanto, estonian, farsi, finnish, french, ga
lician, german, german-x-2012-05-30, greek, gujarati, hindi, hungarian, iceland
ic, indonesian, interlingua, irish, italian, kannada, kurmanji, latin, latvian,
 lithuanian, malayalam, marathi, mongolian, mongolianlmc, monogreek, ngerman, n
german-x-2012-05-30, nynorsk, oriya, panjabi, pinyin, polish, portuguese, roman
ian, russian, sanskrit, serbian, slovak, slovenian, spanish, swedish, swissgerm
an, tamil, telugu, turkish, turkmen, ukenglish, ukrainian, uppersorbian, usengl
ishmax, welsh, loaded.
(E:\Base\Editors\MikTex\tex\latex\base\report.cls
Document Class: report 2007/10/19 v1.4h Standard LaTeX document class
(E:\Base\Editors\MikTex\tex\latex\base\size10.clo
File: size10.clo 2007/10/19 v1.4h Standard LaTeX file (size option)
)
\c@part=\count79
\c@chapter=\count80
\c@section=\count81
\c@subsection=\count82
\c@subsubsection=\count83
\c@paragraph=\count84
\c@subparagraph=\count85
\c@figure=\count86
\c@table=\count87
\abovecaptionskip=\skip41
\belowcaptionskip=\skip42
\bibindent=\dimen102
)
(E:\Base\Editors\MikTex\tex\latex\ams\math\amsmath.sty
Package: amsmath 2000/07/18 v2.13 AMS math features
\@mathmargin=\skip43

For additional information on amsmath, use the `?' option.
(E:\Base\Editors\MikTex\tex\latex\ams\math\amstext.sty
Package: amstext 2000/06/29 v2.01

(E:\Base\Editors\MikTex\tex\latex\ams\math\amsgen.sty
File: amsgen.sty 1999/11/30 v2.0
\@emptytoks=\toks14
\ex@=\dimen103
))
(E:\Base\Editors\MikTex\tex\latex\ams\math\amsbsy.sty
Package: amsbsy 1999/11/29 v1.2d
\pmbraise@=\dimen104
)
(E:\Base\Editors\MikTex\tex\latex\ams\math\amsopn.sty
Package: amsopn 1999/12/14 v2.01 operator names
)
\inf@bad=\count88
LaTeX Info: Redefining \frac on input line 211.
\uproot@=\count89
\leftroot@=\count90
LaTeX Info: Redefining \overline on input line 307.
\classnum@=\count91
\DOTSCASE@=\count92
LaTeX Info: Redefining \ldots on input line 379.
LaTeX Info: Redefining \dots on input line 382.
LaTeX Info: Redefining \cdots on input line 467.
\Mathstrutbox@=\box26
\strutbox@=\box27
\big@size=\dimen105
LaTeX Font Info:    Redeclaring font encoding OML on input line 567.
LaTeX Font Info:    Redeclaring font encoding OMS on input line 568.
\macc@depth=\count93
\c@MaxMatrixCols=\count94
\dotsspace@=\muskip10
\c@parentequation=\count95
\dspbrk@lvl=\count96
\tag@help=\toks15
\row@=\count97
\column@=\count98
\maxfields@=\count99
\andhelp@=\toks16
\eqnshift@=\dimen106
\alignsep@=\dimen107
\tagshift@=\dimen108
\tagwidth@=\dimen109
\totwidth@=\dimen110
\lineht@=\dimen111
\@envbody=\toks17
\multlinegap=\skip44
\multlinetaggap=\skip45
\mathdisplay@stack=\toks18
LaTeX Info: Redefining \[ on input line 2666.
LaTeX Info: Redefining \] on input line 2667.
)
(E:\Base\Editors\MikTex\tex\latex\tools\bm.sty
Package: bm 2004/02/26 v1.1c Bold Symbol Support (DPC/FMi)
\symboldoperators=\mathgroup4
\symboldletters=\mathgroup5
\symboldsymbols=\mathgroup6
LaTeX Font Info:    Redeclaring math alphabet \mathbf on input line 138.
LaTeX Info: Redefining \bm on input line 204.
)
(E:\Base\Editors\MikTex\tex\latex\listings\listings.sty
(E:\Base\Editors\MikTex\tex\latex\graphics\keyval.sty
Package: keyval 1999/03/16 v1.13 key=value parser (DPC)
\KV@toks@=\toks19
)
\lst@mode=\count100
\lst@gtempboxa=\box28
\lst@token=\toks20
\lst@length=\count101
\lst@currlwidth=\dimen112
\lst@column=\count102
\lst@pos=\count103
\lst@lostspace=\dimen113
\lst@width=\dimen114
\lst@newlines=\count104
\lst@lineno=\count105
\lst@maxwidth=\dimen115

(E:\Base\Editors\MikTex\tex\latex\listings\lstmisc.sty
File: lstmisc.sty 2007/02/22 1.4 (Carsten Heinz)
\c@lstnumber=\count106
\lst@skipnumbers=\count107
\lst@framebox=\box29
)
(E:\Base\Editors\MikTex\tex\latex\listings\listings.cfg
File: listings.cfg 2007/02/22 1.4 listings configuration
))
Package: listings 2007/02/22 1.4 (Carsten Heinz)

(E:\Base\Editors\MikTex\tex\latex\graphics\graphicx.sty
Package: graphicx 1999/02/16 v1.0f Enhanced LaTeX Graphics (DPC,SPQR)

(E:\Base\Editors\MikTex\tex\latex\graphics\graphics.sty
Package: graphics 2009/02/05 v1.0o Standard LaTeX Graphics (DPC,SPQR)

(E:\Base\Editors\MikTex\tex\latex\graphics\trig.sty
Package: trig 1999/03/16 v1.09 sin cos tan (DPC)
)
(E:\Base\Editors\MikTex\tex\latex\00miktex\graphics.cfg
File: graphics.cfg 2007/01/18 v1.5 graphics configuration of teTeX/TeXLive
)
Package graphics Info: Driver file: pdftex.def on input line 91.

(E:\Base\Editors\MikTex\tex\latex\pdftex-def\pdftex.def
File: pdftex.def 2011/05/27 v0.06d Graphics/color for pdfTeX

(E:\Base\Editors\MikTex\tex\generic\oberdiek\infwarerr.sty
Package: infwarerr 2010/04/08 v1.3 Providing info/warning/error messages (HO)
)
(E:\Base\Editors\MikTex\tex\generic\oberdiek\ltxcmds.sty
Package: ltxcmds 2011/11/09 v1.22 LaTeX kernel commands for general use (HO)
)
\Gread@gobject=\count108
))
\Gin@req@height=\dimen116
\Gin@req@width=\dimen117
)
(E:\Base\Editors\MikTex\tex\latex\graphics\epsfig.sty
Package: epsfig 1999/02/16 v1.7a (e)psfig emulation (SPQR)
\epsfxsize=\dimen118
\epsfysize=\dimen119
)
(E:\Base\Editors\MikTex\tex\latex\graphics\color.sty
Package: color 2005/11/14 v1.0j Standard LaTeX Color (DPC)

(E:\Base\Editors\MikTex\tex\latex\00miktex\color.cfg
File: color.cfg 2007/01/18 v1.5 color configuration of teTeX/TeXLive
)
Package color Info: Driver file: pdftex.def on input line 130.
)
(E:\Base\Editors\MikTex\tex\latex\multirow\multirow.sty
\bigstrutjot=\dimen120
)
(E:\Base\Editors\MikTex\tex\latex\hyperref\hyperref.sty
Package: hyperref 2012/10/15 v6.83k Hypertext links for LaTeX

(E:\Base\Editors\MikTex\tex\generic\oberdiek\hobsub-hyperref.sty
Package: hobsub-hyperref 2012/04/25 v1.12 Bundle oberdiek, subset hyperref (HO)


(E:\Base\Editors\MikTex\tex\generic\oberdiek\hobsub-generic.sty
Package: hobsub-generic 2012/04/25 v1.12 Bundle oberdiek, subset generic (HO)
Package: hobsub 2012/04/25 v1.12 Construct package bundles (HO)
Package hobsub Info: Skipping package `infwarerr' (already loaded).
Package hobsub Info: Skipping package `ltxcmds' (already loaded).
Package: ifluatex 2010/03/01 v1.3 Provides the ifluatex switch (HO)
Package ifluatex Info: LuaTeX not detected.
Package: ifvtex 2010/03/01 v1.5 Detect VTeX and its facilities (HO)
Package ifvtex Info: VTeX not detected.
Package: intcalc 2007/09/27 v1.1 Expandable calculations with integers (HO)
Package: ifpdf 2011/01/30 v2.3 Provides the ifpdf switch (HO)
Package ifpdf Info: pdfTeX in PDF mode is detected.
Package: etexcmds 2011/02/16 v1.5 Avoid name clashes with e-TeX commands (HO)
Package etexcmds Info: Could not find \expanded.
(etexcmds)             That can mean that you are not using pdfTeX 1.50 or
(etexcmds)             that some package has redefined \expanded.
(etexcmds)             In the latter case, load this package earlier.
Package: kvsetkeys 2012/04/25 v1.16 Key value parser (HO)
Package: kvdefinekeys 2011/04/07 v1.3 Define keys (HO)
Package: pdftexcmds 2011/11/29 v0.20 Utility functions of pdfTeX for LuaTeX (HO
)
Package pdftexcmds Info: LuaTeX not detected.
Package pdftexcmds Info: \pdf@primitive is available.
Package pdftexcmds Info: \pdf@ifprimitive is available.
Package pdftexcmds Info: \pdfdraftmode found.
Package: pdfescape 2011/11/25 v1.13 Implements pdfTeX's escape features (HO)
Package: bigintcalc 2012/04/08 v1.3 Expandable calculations on big integers (HO
)
Package: bitset 2011/01/30 v1.1 Handle bit-vector datatype (HO)
Package: uniquecounter 2011/01/30 v1.2 Provide unlimited unique counter (HO)
)
Package hobsub Info: Skipping package `hobsub' (already loaded).
Package: letltxmacro 2010/09/02 v1.4 Let assignment for LaTeX macros (HO)
Package: hopatch 2011/06/24 v1.1 Wrapper for package hooks (HO)
Package: xcolor-patch 2011/01/30 xcolor patch
Package: atveryend 2011/06/30 v1.8 Hooks at the very end of document (HO)
Package atveryend Info: \enddocument detected (standard20110627).
Package: atbegshi 2011/10/05 v1.16 At begin shipout hook (HO)
Package: refcount 2011/10/16 v3.4 Data extraction from label references (HO)
Package: hycolor 2011/01/30 v1.7 Color options for hyperref/bookmark (HO)
)
(E:\Base\Editors\MikTex\tex\generic\ifxetex\ifxetex.sty
Package: ifxetex 2010/09/12 v0.6 Provides ifxetex conditional
)
(E:\Base\Editors\MikTex\tex\latex\oberdiek\auxhook.sty
Package: auxhook 2011/03/04 v1.3 Hooks for auxiliary files (HO)
)
(E:\Base\Editors\MikTex\tex\latex\oberdiek\kvoptions.sty
Package: kvoptions 2011/06/30 v3.11 Key value format for package options (HO)
)
\@linkdim=\dimen121
\Hy@linkcounter=\count109
\Hy@pagecounter=\count110

(E:\Base\Editors\MikTex\tex\latex\hyperref\pd1enc.def
File: pd1enc.def 2012/10/15 v6.83k Hyperref: PDFDocEncoding definition (HO)
)
\Hy@SavedSpaceFactor=\count111

(E:\Base\Editors\MikTex\tex\latex\00miktex\hyperref.cfg
File: hyperref.cfg 2002/06/06 v1.2 hyperref configuration of TeXLive
)
Package hyperref Info: Option `colorlinks' set `true' on input line 4198.
Package hyperref Info: Hyper figures OFF on input line 4322.
Package hyperref Info: Link nesting OFF on input line 4327.
Package hyperref Info: Hyper index ON on input line 4330.
Package hyperref Info: Plain pages OFF on input line 4337.
Package hyperref Info: Backreferencing OFF on input line 4342.
Package hyperref Info: Implicit mode ON; LaTeX internals redefined.
Package hyperref Info: Bookmarks ON on input line 4567.
\c@Hy@tempcnt=\count112

(E:\Base\Editors\MikTex\tex\latex\ltxmisc\url.sty
\Urlmuskip=\muskip11
Package: url 2006/04/12  ver 3.3  Verb mode for urls, etc.
)
LaTeX Info: Redefining \url on input line 4920.
\XeTeXLinkMargin=\dimen122
\Fld@menulength=\count113
\Field@Width=\dimen123
\Fld@charsize=\dimen124
Package hyperref Info: Hyper figures OFF on input line 6174.
Package hyperref Info: Link nesting OFF on input line 6179.
Package hyperref Info: Hyper index ON on input line 6182.
Package hyperref Info: backreferencing OFF on input line 6189.
Package hyperref Info: Link coloring ON on input line 6192.
Package hyperref Info: Link coloring with OCG OFF on input line 6199.
Package hyperref Info: PDF/A mode OFF on input line 6204.
LaTeX Info: Redefining \ref on input line 6244.
LaTeX Info: Redefining \pageref on input line 6248.
\Hy@abspage=\count114
\c@Item=\count115
\c@Hfootnote=\count116
)

Package hyperref Message: Driver (autodetected): hpdftex.

(E:\Base\Editors\MikTex\tex\latex\hyperref\hpdftex.def
File: hpdftex.def 2012/10/15 v6.83k Hyperref driver for pdfTeX
\Fld@listcount=\count117
\c@bookmark@seq@number=\count118

(E:\Base\Editors\MikTex\tex\latex\oberdiek\rerunfilecheck.sty
Package: rerunfilecheck 2011/04/15 v1.7 Rerun checks for auxiliary files (HO)
Package uniquecounter Info: New unique counter `rerunfilecheck' on input line 2
82.
)
\Hy@SectionHShift=\skip46
)
(E:\Base\Editors\MikTex\tex\latex\fancyhdr\fancyhdr.sty
\fancy@headwidth=\skip47
\f@ncyO@elh=\skip48
\f@ncyO@erh=\skip49
\f@ncyO@olh=\skip50
\f@ncyO@orh=\skip51
\f@ncyO@elf=\skip52
\f@ncyO@erf=\skip53
\f@ncyO@olf=\skip54
\f@ncyO@orf=\skip55
)
(E:\Base\Editors\MikTex\tex\latex\tools\calc.sty
Package: calc 2007/08/22 v4.3 Infix arithmetic (KKT,FJ)
\calc@Acount=\count119
\calc@Bcount=\count120
\calc@Adimen=\dimen125
\calc@Bdimen=\dimen126
\calc@Askip=\skip56
\calc@Bskip=\skip57
LaTeX Info: Redefining \setlength on input line 76.
LaTeX Info: Redefining \addtolength on input line 77.
\calc@Ccount=\count121
\calc@Cskip=\skip58
)
(E:\Base\Editors\MikTex\tex\latex\natbib\natbib.sty
Package: natbib 2010/09/13 8.31b (PWD, AO)
\bibhang=\skip59
\bibsep=\skip60
LaTeX Info: Redefining \cite on input line 694.
\c@NAT@ctr=\count122
)
(E:\Base\Editors\MikTex\tex\latex\natbib\bibentry.sty
Package: bibentry 2007/10/30 1.5 (PWD)
)
(E:\Base\Editors\MikTex\tex\latex\ulem\ulem.sty
\UL@box=\box30
\UL@hyphenbox=\box31
\UL@skip=\skip61
\UL@hook=\toks21
\UL@height=\dimen127
\UL@pe=\count123
\UL@pixel=\dimen128
\ULC@box=\box32
Package: ulem 2012/05/18
\ULdepth=\dimen129
)
(E:\Base\Editors\MikTex\tex\latex\xcolor\xcolor.sty
Package: xcolor 2007/01/21 v2.11 LaTeX color extensions (UK)

(E:\Base\Editors\MikTex\tex\latex\00miktex\color.cfg
File: color.cfg 2007/01/18 v1.5 color configuration of teTeX/TeXLive
)
Package xcolor Info: Driver file: pdftex.def on input line 225.
LaTeX Info: Redefining \color on input line 702.
Package xcolor Info: Model `cmy' substituted by `cmy0' on input line 1337.
Package xcolor Info: Model `hsb' substituted by `rgb' on input line 1341.
Package xcolor Info: Model `RGB' extended on input line 1353.
Package xcolor Info: Model `HTML' substituted by `rgb' on input line 1355.
Package xcolor Info: Model `Hsb' substituted by `hsb' on input line 1356.
Package xcolor Info: Model `tHsb' substituted by `hsb' on input line 1357.
Package xcolor Info: Model `HSB' substituted by `hsb' on input line 1358.
Package xcolor Info: Model `Gray' substituted by `gray' on input line 1359.
Package xcolor Info: Model `wave' substituted by `hsb' on input line 1360.
)
(E:\Base\Editors\MikTex\tex\latex\soul\soul.sty
Package: soul 2003/11/17 v2.4 letterspacing/underlining (mf)
\SOUL@word=\toks22
\SOUL@lasttoken=\toks23
\SOUL@cmds=\toks24
\SOUL@buffer=\toks25
\SOUL@token=\toks26
\SOUL@spaceskip=\skip62
\SOUL@ttwidth=\dimen130
\SOUL@uldp=\dimen131
\SOUL@ulht=\dimen132
)
(E:\Base\Editors\MikTex\tex\latex\todonotes\todonotes.sty
Package: todonotes 2012/07/25 .dtx Todonotes source and documentation.
Package: todonotes 2012/07/25

(E:\Base\Editors\MikTex\tex\latex\base\ifthen.sty
Package: ifthen 2001/05/26 v1.1c Standard LaTeX ifthen package (DPC)
)
(E:\Base\Editors\MikTex\tex\latex\xkeyval\xkeyval.sty
Package: xkeyval 2012/10/14 v2.6b package option processing (HA)

(E:\Base\Editors\MikTex\tex\generic\xkeyval\xkeyval.tex
\XKV@toks=\toks27
\XKV@tempa@toks=\toks28
\XKV@depth=\count124
File: xkeyval.tex 2012/10/14 v2.6b key=value parser (HA)
))
(E:\Base\Editors\MikTex\tex\latex\pgf\frontendlayer\tikz.sty
(E:\Base\Editors\MikTex\tex\latex\pgf\basiclayer\pgf.sty
(E:\Base\Editors\MikTex\tex\latex\pgf\utilities\pgfrcs.sty
(E:\Base\Editors\MikTex\tex\generic\pgf\utilities\pgfutil-common.tex
\pgfutil@everybye=\toks29
)
(E:\Base\Editors\MikTex\tex\generic\pgf\utilities\pgfutil-latex.def
\pgfutil@abb=\box33

(E:\Base\Editors\MikTex\tex\latex\ms\everyshi.sty
Package: everyshi 2001/05/15 v3.00 EveryShipout Package (MS)
))
(E:\Base\Editors\MikTex\tex\generic\pgf\utilities\pgfrcs.code.tex
Package: pgfrcs 2010/10/25 v2.10 (rcs-revision 1.24)
))
Package: pgf 2008/01/15 v2.10 (rcs-revision 1.12)

(E:\Base\Editors\MikTex\tex\latex\pgf\basiclayer\pgfcore.sty
(E:\Base\Editors\MikTex\tex\latex\pgf\systemlayer\pgfsys.sty
(E:\Base\Editors\MikTex\tex\generic\pgf\systemlayer\pgfsys.code.tex
Package: pgfsys 2010/06/30 v2.10 (rcs-revision 1.37)

(E:\Base\Editors\MikTex\tex\generic\pgf\utilities\pgfkeys.code.tex
\pgfkeys@pathtoks=\toks30
\pgfkeys@temptoks=\toks31

(E:\Base\Editors\MikTex\tex\generic\pgf\utilities\pgfkeysfiltered.code.tex
\pgfkeys@tmptoks=\toks32
))
\pgf@x=\dimen133
\pgf@y=\dimen134
\pgf@xa=\dimen135
\pgf@ya=\dimen136
\pgf@xb=\dimen137
\pgf@yb=\dimen138
\pgf@xc=\dimen139
\pgf@yc=\dimen140
\w@pgf@writea=\write3
\r@pgf@reada=\read1
\c@pgf@counta=\count125
\c@pgf@countb=\count126
\c@pgf@countc=\count127
\c@pgf@countd=\count128

(E:\Base\Editors\MikTex\tex\generic\pgf\systemlayer\pgf.cfg
File: pgf.cfg 2008/05/14  (rcs-revision 1.7)
)
Package pgfsys Info: Driver file for pgf: pgfsys-pdftex.def on input line 900.

(E:\Base\Editors\MikTex\tex\generic\pgf\systemlayer\pgfsys-pdftex.def
File: pgfsys-pdftex.def 2009/05/22  (rcs-revision 1.26)

(E:\Base\Editors\MikTex\tex\generic\pgf\systemlayer\pgfsys-common-pdf.def
File: pgfsys-common-pdf.def 2008/05/19  (rcs-revision 1.10)
)))
(E:\Base\Editors\MikTex\tex\generic\pgf\systemlayer\pgfsyssoftpath.code.tex
File: pgfsyssoftpath.code.tex 2008/07/18  (rcs-revision 1.7)
\pgfsyssoftpath@smallbuffer@items=\count129
\pgfsyssoftpath@bigbuffer@items=\count130
)
(E:\Base\Editors\MikTex\tex\generic\pgf\systemlayer\pgfsysprotocol.code.tex
File: pgfsysprotocol.code.tex 2006/10/16  (rcs-revision 1.4)
))
(E:\Base\Editors\MikTex\tex\generic\pgf\basiclayer\pgfcore.code.tex
Package: pgfcore 2010/04/11 v2.10 (rcs-revision 1.7)

(E:\Base\Editors\MikTex\tex\generic\pgf\math\pgfmath.code.tex
(E:\Base\Editors\MikTex\tex\generic\pgf\math\pgfmathcalc.code.tex
(E:\Base\Editors\MikTex\tex\generic\pgf\math\pgfmathutil.code.tex)
(E:\Base\Editors\MikTex\tex\generic\pgf\math\pgfmathparser.code.tex
\pgfmath@dimen=\dimen141
\pgfmath@count=\count131
\pgfmath@box=\box34
\pgfmath@toks=\toks33
\pgfmath@stack@operand=\toks34
\pgfmath@stack@operation=\toks35
)
(E:\Base\Editors\MikTex\tex\generic\pgf\math\pgfmathfunctions.code.tex
(E:\Base\Editors\MikTex\tex\generic\pgf\math\pgfmathfunctions.basic.code.tex)
(E:\Base\Editors\MikTex\tex\generic\pgf\math\pgfmathfunctions.trigonometric.cod
e.tex)
(E:\Base\Editors\MikTex\tex\generic\pgf\math\pgfmathfunctions.random.code.tex)
(E:\Base\Editors\MikTex\tex\generic\pgf\math\pgfmathfunctions.comparison.code.t
ex) (E:\Base\Editors\MikTex\tex\generic\pgf\math\pgfmathfunctions.base.code.tex
) (E:\Base\Editors\MikTex\tex\generic\pgf\math\pgfmathfunctions.round.code.tex)
(E:\Base\Editors\MikTex\tex\generic\pgf\math\pgfmathfunctions.misc.code.tex)))
(E:\Base\Editors\MikTex\tex\generic\pgf\math\pgfmathfloat.code.tex
\c@pgfmathroundto@lastzeros=\count132
))
(E:\Base\Editors\MikTex\tex\generic\pgf\basiclayer\pgfcorepoints.code.tex
File: pgfcorepoints.code.tex 2010/04/09  (rcs-revision 1.20)
\pgf@picminx=\dimen142
\pgf@picmaxx=\dimen143
\pgf@picminy=\dimen144
\pgf@picmaxy=\dimen145
\pgf@pathminx=\dimen146
\pgf@pathmaxx=\dimen147
\pgf@pathminy=\dimen148
\pgf@pathmaxy=\dimen149
\pgf@xx=\dimen150
\pgf@xy=\dimen151
\pgf@yx=\dimen152
\pgf@yy=\dimen153
\pgf@zx=\dimen154
\pgf@zy=\dimen155
)
(E:\Base\Editors\MikTex\tex\generic\pgf\basiclayer\pgfcorepathconstruct.code.te
x
File: pgfcorepathconstruct.code.tex 2010/08/03  (rcs-revision 1.24)
\pgf@path@lastx=\dimen156
\pgf@path@lasty=\dimen157
) (E:\Base\Editors\MikTex\tex\generic\pgf\basiclayer\pgfcorepathusage.code.tex
File: pgfcorepathusage.code.tex 2008/04/22  (rcs-revision 1.12)
\pgf@shorten@end@additional=\dimen158
\pgf@shorten@start@additional=\dimen159
) (E:\Base\Editors\MikTex\tex\generic\pgf\basiclayer\pgfcorescopes.code.tex
File: pgfcorescopes.code.tex 2010/09/08  (rcs-revision 1.34)
\pgfpic=\box35
\pgf@hbox=\box36
\pgf@layerbox@main=\box37
\pgf@picture@serial@count=\count133
)
(E:\Base\Editors\MikTex\tex\generic\pgf\basiclayer\pgfcoregraphicstate.code.tex
File: pgfcoregraphicstate.code.tex 2008/04/22  (rcs-revision 1.9)
\pgflinewidth=\dimen160
)
(E:\Base\Editors\MikTex\tex\generic\pgf\basiclayer\pgfcoretransformations.code.
tex
File: pgfcoretransformations.code.tex 2009/06/10  (rcs-revision 1.11)
\pgf@pt@x=\dimen161
\pgf@pt@y=\dimen162
\pgf@pt@temp=\dimen163
) (E:\Base\Editors\MikTex\tex\generic\pgf\basiclayer\pgfcorequick.code.tex
File: pgfcorequick.code.tex 2008/10/09  (rcs-revision 1.3)
)
(E:\Base\Editors\MikTex\tex\generic\pgf\basiclayer\pgfcoreobjects.code.tex
File: pgfcoreobjects.code.tex 2006/10/11  (rcs-revision 1.2)
)
(E:\Base\Editors\MikTex\tex\generic\pgf\basiclayer\pgfcorepathprocessing.code.t
ex
File: pgfcorepathprocessing.code.tex 2008/10/09  (rcs-revision 1.8)
) (E:\Base\Editors\MikTex\tex\generic\pgf\basiclayer\pgfcorearrows.code.tex
File: pgfcorearrows.code.tex 2008/04/23  (rcs-revision 1.11)
)
(E:\Base\Editors\MikTex\tex\generic\pgf\basiclayer\pgfcoreshade.code.tex
File: pgfcoreshade.code.tex 2008/11/23  (rcs-revision 1.13)
\pgf@max=\dimen164
\pgf@sys@shading@range@num=\count134
)
(E:\Base\Editors\MikTex\tex\generic\pgf\basiclayer\pgfcoreimage.code.tex
File: pgfcoreimage.code.tex 2010/03/25  (rcs-revision 1.16)

(E:\Base\Editors\MikTex\tex\generic\pgf\basiclayer\pgfcoreexternal.code.tex
File: pgfcoreexternal.code.tex 2010/09/01  (rcs-revision 1.17)
\pgfexternal@startupbox=\box38
))
(E:\Base\Editors\MikTex\tex\generic\pgf\basiclayer\pgfcorelayers.code.tex
File: pgfcorelayers.code.tex 2010/08/27  (rcs-revision 1.2)
)
(E:\Base\Editors\MikTex\tex\generic\pgf\basiclayer\pgfcoretransparency.code.tex
File: pgfcoretransparency.code.tex 2008/01/17  (rcs-revision 1.2)
) (E:\Base\Editors\MikTex\tex\generic\pgf\basiclayer\pgfcorepatterns.code.tex
File: pgfcorepatterns.code.tex 2009/07/02  (rcs-revision 1.3)
))) (E:\Base\Editors\MikTex\tex\generic\pgf\modules\pgfmoduleshapes.code.tex
File: pgfmoduleshapes.code.tex 2010/09/09  (rcs-revision 1.13)
\pgfnodeparttextbox=\box39
)
(E:\Base\Editors\MikTex\tex\generic\pgf\modules\pgfmoduleplot.code.tex
File: pgfmoduleplot.code.tex 2010/10/22  (rcs-revision 1.8)
)
(E:\Base\Editors\MikTex\tex\latex\pgf\compatibility\pgfcomp-version-0-65.sty
Package: pgfcomp-version-0-65 2007/07/03 v2.10 (rcs-revision 1.7)
\pgf@nodesepstart=\dimen165
\pgf@nodesepend=\dimen166
)
(E:\Base\Editors\MikTex\tex\latex\pgf\compatibility\pgfcomp-version-1-18.sty
Package: pgfcomp-version-1-18 2007/07/23 v2.10 (rcs-revision 1.1)
))
(E:\Base\Editors\MikTex\tex\latex\pgf\utilities\pgffor.sty
(E:\Base\Editors\MikTex\tex\latex\pgf\utilities\pgfkeys.sty
(E:\Base\Editors\MikTex\tex\generic\pgf\utilities\pgfkeys.code.tex))
(E:\Base\Editors\MikTex\tex\generic\pgf\utilities\pgffor.code.tex
Package: pgffor 2010/03/23 v2.10 (rcs-revision 1.18)
\pgffor@iter=\dimen167
\pgffor@skip=\dimen168
\pgffor@stack=\toks36
\pgffor@toks=\toks37
))
(E:\Base\Editors\MikTex\tex\generic\pgf\frontendlayer\tikz\tikz.code.tex
Package: tikz 2010/10/13 v2.10 (rcs-revision 1.76)

(E:\Base\Editors\MikTex\tex\generic\pgf\libraries\pgflibraryplothandlers.code.t
ex
File: pgflibraryplothandlers.code.tex 2010/05/31 v2.10 (rcs-revision 1.15)
\pgf@plot@mark@count=\count135
\pgfplotmarksize=\dimen169
)
\tikz@lastx=\dimen170
\tikz@lasty=\dimen171
\tikz@lastxsaved=\dimen172
\tikz@lastysaved=\dimen173
\tikzleveldistance=\dimen174
\tikzsiblingdistance=\dimen175
\tikz@figbox=\box40
\tikz@tempbox=\box41
\tikztreelevel=\count136
\tikznumberofchildren=\count137
\tikznumberofcurrentchild=\count138
\tikz@fig@count=\count139
 (E:\Base\Editors\MikTex\tex\generic\pgf\modules\pgfmodulematrix.code.tex
File: pgfmodulematrix.code.tex 2010/08/24  (rcs-revision 1.4)
\pgfmatrixcurrentrow=\count140
\pgfmatrixcurrentcolumn=\count141
\pgf@matrix@numberofcolumns=\count142
)
\tikz@expandcount=\count143

(E:\Base\Editors\MikTex\tex\generic\pgf\frontendlayer\tikz\libraries\tikzlibrar
ytopaths.code.tex
File: tikzlibrarytopaths.code.tex 2008/06/17 v2.10 (rcs-revision 1.2)
)))
(E:\Base\Editors\MikTex\tex\generic\pgf\frontendlayer\tikz\libraries\tikzlibrar
ypositioning.code.tex
File: tikzlibrarypositioning.code.tex 2008/10/06 v2.10 (rcs-revision 1.7)
)
\c@@todonotes@numberoftodonotes=\count144
) (E:\Base\Editors\MikTex\tex\latex\base\makeidx.sty
Package: makeidx 2000/03/29 v1.0m Standard LaTeX package
)
(E:\Base\Editors\MikTex\tex\latex\oberdiek\epstopdf.sty
Package: epstopdf 2010/02/09 v2.5 Conversion with epstopdf on the fly (HO)

(E:\Base\Editors\MikTex\tex\latex\oberdiek\epstopdf-base.sty
Package: epstopdf-base 2010/02/09 v2.5 Base part for package epstopdf

(E:\Base\Editors\MikTex\tex\latex\oberdiek\grfext.sty
Package: grfext 2010/08/19 v1.1 Manage graphics extensions (HO)
)
Package grfext Info: Graphics extension search list:
(grfext)             [.png,.pdf,.jpg,.mps,.jpeg,.jbig2,.jb2,.PNG,.PDF,.JPG,.JPE
G,.JBIG2,.JB2,.eps]
(grfext)             \AppendGraphicsExtensions on input line 452.
)
Package grfext Info: Graphics extension search list:
(grfext)             [.eps,.png,.pdf,.jpg,.mps,.jpeg,.jbig2,.jb2,.PNG,.PDF,.JPG
,.JPEG,.JBIG2,.JB2]
(grfext)             \PrependGraphicsExtensions on input line 150.
)
(E:\Base\Editors\MikTex\tex\latex\mwe\mwe.sty
Package: mwe 2012/05/15 v0.3 Package to support minimal working examples (MWE)

(E:\Base\Editors\MikTex\tex\latex\lipsum\lipsum.sty
Package: lipsum 2011/04/14 v1.2 150 paragraphs of Lorem Ipsum dummy text
\c@lips@count=\count145
)
(E:\Base\Editors\MikTex\tex\latex\blindtext\blindtext.sty
Package: blindtext 2012/01/06 V2.0 blindtext-Package

(E:\Base\Editors\MikTex\tex\latex\tools\xspace.sty
Package: xspace 2009/10/20 v1.13 Space after command names (DPC,MH)
)
\c@blindtext=\count146
\c@Blindtext=\count147
\c@blind@countparstart=\count148
\blind@countxx=\count149
\blindtext@numBlindtext=\count150
\blind@countyy=\count151
\c@blindlist=\count152
\c@blindlistlevel=\count153
\c@blindlist@level=\count154
\blind@listitem=\count155
\c@blind@listcount=\count156
\c@blind@levelcount=\count157
\blind@mathformula=\count158
\blind@Mathformula=\count159
\c@blind@randomcount=\count160
\c@blind@randommax=\count161
\c@blind@pangramcount=\count162
\c@blind@pangrammax=\count163
))
(E:\Base\Editors\MikTex\tex\latex\subfig\subfig.sty
Package: subfig 2005/06/28 ver: 1.3 subfig package

(E:\Base\Editors\MikTex\tex\latex\caption\caption.sty
Package: caption 2012/02/19 v3.2f Customizing captions (AR)

(E:\Base\Editors\MikTex\tex\latex\caption\caption3.sty
Package: caption3 2012/01/12 v1.4b caption3 kernel (AR)
\captionmargin=\dimen176
\captionmargin@=\dimen177
\captionwidth=\dimen178
\caption@indent=\dimen179
\caption@parindent=\dimen180
\caption@hangindent=\dimen181
)
\c@ContinuedFloat=\count164
Package caption Info: hyperref package is loaded.
Package caption Info: listings package is loaded.
)
\c@KVtest=\count165
\sf@farskip=\skip63
\sf@captopadj=\dimen182
\sf@capskip=\skip64
\sf@nearskip=\skip65
\c@subfigure=\count166
\c@subfigure@save=\count167
\c@lofdepth=\count168
\c@subtable=\count169
\c@subtable@save=\count170
\c@lotdepth=\count171
\sf@top=\skip66
\sf@bottom=\skip67
)
(E:\Base\Editors\MikTex\tex\latex\float\float.sty
Package: float 2001/11/08 v1.3d Float enhancements (AL)
\c@float@type=\count172
\float@exts=\toks38
\float@box=\box42
\@float@everytoks=\toks39
\@floatcapt=\box43
)
(E:\Base\Editors\MikTex\tex\latex\amsfonts\amssymb.sty
Package: amssymb 2009/06/22 v3.00

(E:\Base\Editors\MikTex\tex\latex\amsfonts\amsfonts.sty
Package: amsfonts 2009/06/22 v3.00 Basic AMSFonts support
\symAMSa=\mathgroup7
\symAMSb=\mathgroup8
LaTeX Font Info:    Overwriting math alphabet `\mathfrak' in version `bold'
(Font)                  U/euf/m/n --> U/euf/b/n on input line 96.
))
(E:\Base\Editors\MikTex\tex\generic\oberdiek\catchfile.sty
Package: catchfile 2011/03/01 v1.6 Catch the contents of a file (HO)
)
(E:\Base\Editors\MikTex\tex\latex\ifplatform\ifplatform.sty
Package: ifplatform 2010/10/22 v0.4 Testing for the operating system
)
(F:/Research/Works/Templates/Mydef.tex
(E:\Base\Editors\MikTex\tex\latex\listings\lstlang1.sty
File: lstlang1.sty 2004/09/05 1.3 listings language file
))
(E:\Base\Editors\MikTex\tex\latex\tools\tabularx.sty
Package: tabularx 1999/01/07 v2.07 `tabularx' package (DPC)

(E:\Base\Editors\MikTex\tex\latex\tools\array.sty
Package: array 2008/09/09 v2.4c Tabular extension package (FMi)
\col@sep=\dimen183
\extrarowheight=\dimen184
\NC@list=\toks40
\extratabsurround=\skip68
\backup@length=\skip69
)
\TX@col@width=\dimen185
\TX@old@table=\dimen186
\TX@old@col=\dimen187
\TX@target=\dimen188
\TX@delta=\dimen189
\TX@cols=\count173
\TX@ftn=\toks41
)
(E:\Base\Editors\MikTex\tex\latex\ms\ragged2e.sty
Package: ragged2e 2009/05/21 v2.1 ragged2e Package (MS)

(E:\Base\Editors\MikTex\tex\latex\ms\everysel.sty
Package: everysel 2011/10/28 v1.2 EverySelectfont Package (MS)
)
\CenteringLeftskip=\skip70
\RaggedLeftLeftskip=\skip71
\RaggedRightLeftskip=\skip72
\CenteringRightskip=\skip73
\RaggedLeftRightskip=\skip74
\RaggedRightRightskip=\skip75
\CenteringParfillskip=\skip76
\RaggedLeftParfillskip=\skip77
\RaggedRightParfillskip=\skip78
\JustifyingParfillskip=\skip79
\CenteringParindent=\skip80
\RaggedLeftParindent=\skip81
\RaggedRightParindent=\skip82
\JustifyingParindent=\skip83
)
(E:\Base\Editors\MikTex\tex\latex\booktabs\booktabs.sty
Package: booktabs 2005/04/14 v1.61803 publication quality tables
\heavyrulewidth=\dimen190
\lightrulewidth=\dimen191
\cmidrulewidth=\dimen192
\belowrulesep=\dimen193
\belowbottomsep=\dimen194
\aboverulesep=\dimen195
\abovetopsep=\dimen196
\cmidrulesep=\dimen197
\cmidrulekern=\dimen198
\defaultaddspace=\dimen199
\@cmidla=\count174
\@cmidlb=\count175
\@aboverulesep=\dimen200
\@belowrulesep=\dimen201
\@thisruleclass=\count176
\@lastruleclass=\count177
\@thisrulewidth=\dimen202
)
\@indexfile=\write4

Writing index file ScatteringInNaTA.idx
(F:\Research\Works\NanofiberTrappedAtoms\Notes\Scattering\ScatteringInNaTA.aux
(F:\Research\Works\NanofiberTrappedAtoms\Notes\Scattering\MaxwellEquations.aux)
)
LaTeX Font Info:    Checking defaults for OML/cmm/m/it on input line 114.
LaTeX Font Info:    ... okay on input line 114.
LaTeX Font Info:    Checking defaults for T1/cmr/m/n on input line 114.
LaTeX Font Info:    ... okay on input line 114.
LaTeX Font Info:    Checking defaults for OT1/cmr/m/n on input line 114.
LaTeX Font Info:    ... okay on input line 114.
LaTeX Font Info:    Checking defaults for OMS/cmsy/m/n on input line 114.
LaTeX Font Info:    ... okay on input line 114.
LaTeX Font Info:    Checking defaults for OMX/cmex/m/n on input line 114.
LaTeX Font Info:    ... okay on input line 114.
LaTeX Font Info:    Checking defaults for U/cmr/m/n on input line 114.
LaTeX Font Info:    ... okay on input line 114.
LaTeX Font Info:    Checking defaults for PD1/pdf/m/n on input line 114.
LaTeX Font Info:    ... okay on input line 114.
\c@lstlisting=\count178
 (E:\Base\Editors\MikTex\tex\context\base\supp-pdf.mkii
[Loading MPS to PDF converter (version 2006.09.02).]
\scratchcounter=\count179
\scratchdimen=\dimen203
\scratchbox=\box44
\nofMPsegments=\count180
\nofMParguments=\count181
\everyMPshowfont=\toks42
\MPscratchCnt=\count182
\MPscratchDim=\dimen204
\MPnumerator=\count183
\makeMPintoPDFobject=\count184
\everyMPtoPDFconversion=\toks43
)
\AtBeginShipoutBox=\box45
Package hyperref Info: Link coloring ON on input line 114.
 (E:\Base\Editors\MikTex\tex\latex\hyperref\nameref.sty
Package: nameref 2012/07/31 v2.42 Cross-referencing by name of section

(E:\Base\Editors\MikTex\tex\generic\oberdiek\gettitlestring.sty
Package: gettitlestring 2010/12/03 v1.4 Cleanup title references (HO)
)
\c@section@level=\count185
)
LaTeX Info: Redefining \ref on input line 114.
LaTeX Info: Redefining \pageref on input line 114.
LaTeX Info: Redefining \nameref on input line 114.

(F:\Research\Works\NanofiberTrappedAtoms\Notes\Scattering\ScatteringInNaTA.out)
(F:\Research\Works\NanofiberTrappedAtoms\Notes\Scattering\ScatteringInNaTA.out)
\@outlinefile=\write5
ABD: EveryShipout initializing macros
Package caption Info: Begin \AtBeginDocument code.
Package caption Info: subfig package v1.3 is loaded.
Package caption Info: float package is loaded.
Package caption Info: End \AtBeginDocument code.
 ABD: EverySelectfont initializing macros
LaTeX Info: Redefining \selectfont on input line 114.
LaTeX Font Info:    Try loading font information for U+msa on input line 116.

(E:\Base\Editors\MikTex\tex\latex\amsfonts\umsa.fd
File: umsa.fd 2009/06/22 v3.00 AMS symbols A
)
LaTeX Font Info:    Try loading font information for U+msb on input line 116.

(E:\Base\Editors\MikTex\tex\latex\amsfonts\umsb.fd
File: umsb.fd 2009/06/22 v3.00 AMS symbols B
) [1

{C:/ProgramData/MiKTeX/2.9/pdftex/config/pdftex.map}]pdfTeX warning (ext4): des
tination with the same identifier (name{page.1}) has been already used, duplica
te ignored
<to be read again> 
                   \relax 
l.119 \end{abstract}
                     [1]
Chapter 1.
pdfTeX warning (ext4): destination with the same identifier (name{page.1}) has 
been already used, duplicate ignored
<to be read again> 
                   \relax 
l.160 \end{equation}
                     [1

]
Missing character: There is no â in font cmr10!
Missing character: There is no € in font cmr10!
Missing character: There is no “ in font cmr10!
 [2] [3]
Overfull \hbox (0.43793pt too wide) in paragraph at lines 273--273
[]\OT1/cmr/bx/n/14.4 Light scat-ter-ing with-out con-sid-er-ing the me-
 []

[4] [5] [6] [7] [8] [9]
Overfull \hbox (19.07489pt too wide) in paragraph at lines 456--456
[] 
 []

[10] [11] <Figs/Cr1.pdf, id=242, 418.56375pt x 314.17375pt>
File: Figs/Cr1.pdf Graphic file (type pdf)
 <use Figs/Cr1.pdf>
Package pdftex.def Info: Figs/Cr1.pdf used on input line 483.
(pdftex.def)             Requested size: 184.16861pt x 138.23686pt.

Overfull \hbox (8.2205pt too wide) in paragraph at lines 483--484
 [][] 
 []

<Figs/Cr2.pdf, id=243, 418.56375pt x 314.17375pt>
File: Figs/Cr2.pdf Graphic file (type pdf)
 <use Figs/Cr2.pdf>
Package pdftex.def Info: Figs/Cr2.pdf used on input line 487.
(pdftex.def)             Requested size: 184.16861pt x 138.23686pt.

Overfull \hbox (8.2205pt too wide) in paragraph at lines 487--488
 [][] 
 []


Overfull \hbox (6.89621pt too wide) in paragraph at lines 481--489
[]$[]$$[]$ 
 []

<Figs/Cphi1.pdf, id=244, 418.56375pt x 314.17375pt>
File: Figs/Cphi1.pdf Graphic file (type pdf)
 <use Figs/Cphi1.pdf>
Package pdftex.def Info: Figs/Cphi1.pdf used on input line 492.
(pdftex.def)             Requested size: 184.16861pt x 138.23686pt.

Overfull \hbox (8.2205pt too wide) in paragraph at lines 492--493
 [][] 
 []

<Figs/Cphi2.pdf, id=245, 418.56375pt x 314.17375pt>
File: Figs/Cphi2.pdf Graphic file (type pdf)
 <use Figs/Cphi2.pdf>
Package pdftex.def Info: Figs/Cphi2.pdf used on input line 496.
(pdftex.def)             Requested size: 184.16861pt x 138.23686pt.

Overfull \hbox (8.2205pt too wide) in paragraph at lines 496--497
 [][] 
 []


Overfull \hbox (6.89621pt too wide) in paragraph at lines 490--498
[]$[]$$[]$ 
 []

[12] <Figs/Az.pdf, id=253, 418.56375pt x 314.17375pt>
File: Figs/Az.pdf Graphic file (type pdf)
 <use Figs/Az.pdf>
Package pdftex.def Info: Figs/Az.pdf used on input line 507.
(pdftex.def)             Requested size: 209.28136pt x 157.08649pt.

<Figs/Cr.pdf, id=254, 418.56375pt x 314.17375pt>
File: Figs/Cr.pdf Graphic file (type pdf)
 <use Figs/Cr.pdf>
Package pdftex.def Info: Figs/Cr.pdf used on input line 511.
(pdftex.def)             Requested size: 184.16861pt x 138.23686pt.

Overfull \hbox (8.2205pt too wide) in paragraph at lines 511--512
 [][] 
 []

<Figs/Cphi.pdf, id=255, 418.56375pt x 314.17375pt>
File: Figs/Cphi.pdf Graphic file (type pdf)
 <use Figs/Cphi.pdf>
Package pdftex.def Info: Figs/Cphi.pdf used on input line 515.
(pdftex.def)             Requested size: 184.16861pt x 138.23686pt.

Overfull \hbox (8.2205pt too wide) in paragraph at lines 515--516
 [][] 
 []


Overfull \hbox (6.89621pt too wide) in paragraph at lines 509--517
 []$[]$$[]$ 
 []

<Figs/Sr.pdf, id=256, 418.56375pt x 314.17375pt>
File: Figs/Sr.pdf Graphic file (type pdf)
 <use Figs/Sr.pdf>
Package pdftex.def Info: Figs/Sr.pdf used on input line 520.
(pdftex.def)             Requested size: 184.16861pt x 138.23686pt.

Overfull \hbox (8.2205pt too wide) in paragraph at lines 520--521
 [][] 
 []

<Figs/Sphi.pdf, id=257, 418.56375pt x 314.17375pt>
File: Figs/Sphi.pdf Graphic file (type pdf)
 <use Figs/Sphi.pdf>
Package pdftex.def Info: Figs/Sphi.pdf used on input line 524.
(pdftex.def)             Requested size: 184.16861pt x 138.23686pt.

Overfull \hbox (8.2205pt too wide) in paragraph at lines 524--525
 [][] 
 []


Overfull \hbox (6.89621pt too wide) in paragraph at lines 518--526
 []$[]$$[]$ 
 []

[13 <F:/Research/Works/NanofiberTrappedAtoms/Notes/Scattering/Figs/Cr1.pdf> <F:
/Research/Works/NanofiberTrappedAtoms/Notes/Scattering/Figs/Cr2.pdf> <F:/Resear
ch/Works/NanofiberTrappedAtoms/Notes/Scattering/Figs/Cphi1.pdf> <F:/Research/Wo
rks/NanofiberTrappedAtoms/Notes/Scattering/Figs/Cphi2.pdf>]
Overfull \vbox (8.53912pt too high) has occurred while \output is active []


[14 <F:/Research/Works/NanofiberTrappedAtoms/Notes/Scattering/Figs/Az.pdf> <F:/
Research/Works/NanofiberTrappedAtoms/Notes/Scattering/Figs/Cr.pdf> <F:/Research
/Works/NanofiberTrappedAtoms/Notes/Scattering/Figs/Cphi.pdf> <F:/Research/Works
/NanofiberTrappedAtoms/Notes/Scattering/Figs/Sr.pdf> <F:/Research/Works/Nanofib
erTrappedAtoms/Notes/Scattering/Figs/Sphi.pdf>]
<Figs/InterferencePeriods.pdf, id=320, 418.56375pt x 314.17375pt>
File: Figs/InterferencePeriods.pdf Graphic file (type pdf)

<use Figs/InterferencePeriods.pdf>
Package pdftex.def Info: Figs/InterferencePeriods.pdf used on input line 531.
(pdftex.def)             Requested size: 207.0021pt x 155.37506pt.
 [15 <F:/Research/Works/NanofiberTrappedAtoms/Notes/Scattering/Figs/Interferenc
ePeriods.pdf>]
<Figs/Cr1_1.pdf, id=336, 418.56375pt x 314.17375pt>
File: Figs/Cr1_1.pdf Graphic file (type pdf)
 <use Figs/Cr1_1.pdf>
Package pdftex.def Info: Figs/Cr1_1.pdf used on input line 540.
(pdftex.def)             Requested size: 184.16861pt x 138.23686pt.

Overfull \hbox (8.2205pt too wide) in paragraph at lines 540--541
 [][] 
 []

<Figs/Cr2_1.pdf, id=337, 418.56375pt x 314.17375pt>
File: Figs/Cr2_1.pdf Graphic file (type pdf)
 <use Figs/Cr2_1.pdf>
Package pdftex.def Info: Figs/Cr2_1.pdf used on input line 544.
(pdftex.def)             Requested size: 184.16861pt x 138.23686pt.

Overfull \hbox (8.2205pt too wide) in paragraph at lines 544--545
 [][] 
 []


Overfull \hbox (6.89621pt too wide) in paragraph at lines 538--546
[]$[]$$[]$ 
 []

<Figs/Cphi1_1.pdf, id=338, 418.56375pt x 314.17375pt>
File: Figs/Cphi1_1.pdf Graphic file (type pdf)
 <use Figs/Cphi1_1.pdf>
Package pdftex.def Info: Figs/Cphi1_1.pdf used on input line 549.
(pdftex.def)             Requested size: 184.16861pt x 138.23686pt.

Overfull \hbox (8.2205pt too wide) in paragraph at lines 549--550
 [][] 
 []

<Figs/Cphi2_1.pdf, id=339, 418.56375pt x 314.17375pt>
File: Figs/Cphi2_1.pdf Graphic file (type pdf)
 <use Figs/Cphi2_1.pdf>
Package pdftex.def Info: Figs/Cphi2_1.pdf used on input line 553.
(pdftex.def)             Requested size: 184.16861pt x 138.23686pt.

Overfull \hbox (8.2205pt too wide) in paragraph at lines 553--554
 [][] 
 []


Overfull \hbox (6.89621pt too wide) in paragraph at lines 547--555
[]$[]$$[]$ 
 []

<Figs/Az_1.pdf, id=340, 418.56375pt x 314.17375pt>
File: Figs/Az_1.pdf Graphic file (type pdf)
 <use Figs/Az_1.pdf>
Package pdftex.def Info: Figs/Az_1.pdf used on input line 564.
(pdftex.def)             Requested size: 209.28136pt x 157.08649pt.

<Figs/Cr_1.pdf, id=341, 418.56375pt x 314.17375pt>
File: Figs/Cr_1.pdf Graphic file (type pdf)
 <use Figs/Cr_1.pdf>
Package pdftex.def Info: Figs/Cr_1.pdf used on input line 568.
(pdftex.def)             Requested size: 184.16861pt x 138.23686pt.

Overfull \hbox (8.2205pt too wide) in paragraph at lines 568--569
 [][] 
 []

<Figs/Cphi_1.pdf, id=342, 418.56375pt x 314.17375pt>
File: Figs/Cphi_1.pdf Graphic file (type pdf)
 <use Figs/Cphi_1.pdf>
Package pdftex.def Info: Figs/Cphi_1.pdf used on input line 572.
(pdftex.def)             Requested size: 184.16861pt x 138.23686pt.

Overfull \hbox (8.2205pt too wide) in paragraph at lines 572--573
 [][] 
 []


Overfull \hbox (6.89621pt too wide) in paragraph at lines 566--574
 []$[]$$[]$ 
 []

<Figs/Sr_1.pdf, id=343, 418.56375pt x 314.17375pt>
File: Figs/Sr_1.pdf Graphic file (type pdf)
 <use Figs/Sr_1.pdf>
Package pdftex.def Info: Figs/Sr_1.pdf used on input line 577.
(pdftex.def)             Requested size: 184.16861pt x 138.23686pt.

Overfull \hbox (8.2205pt too wide) in paragraph at lines 577--578
 [][] 
 []

<Figs/Sphi_1.pdf, id=344, 418.56375pt x 314.17375pt>
File: Figs/Sphi_1.pdf Graphic file (type pdf)
 <use Figs/Sphi_1.pdf>
Package pdftex.def Info: Figs/Sphi_1.pdf used on input line 581.
(pdftex.def)             Requested size: 184.16861pt x 138.23686pt.

Overfull \hbox (8.2205pt too wide) in paragraph at lines 581--582
 [][] 
 []


Overfull \hbox (6.89621pt too wide) in paragraph at lines 575--583
 []$[]$$[]$ 
 []

[16 <F:/Research/Works/NanofiberTrappedAtoms/Notes/Scattering/Figs/Cr1_1.pdf> <
F:/Research/Works/NanofiberTrappedAtoms/Notes/Scattering/Figs/Cr2_1.pdf> <F:/Re
search/Works/NanofiberTrappedAtoms/Notes/Scattering/Figs/Cphi1_1.pdf> <F:/Resea
rch/Works/NanofiberTrappedAtoms/Notes/Scattering/Figs/Cphi2_1.pdf>] [17 <F:/Res
earch/Works/NanofiberTrappedAtoms/Notes/Scattering/Figs/Az_1.pdf> <F:/Research/
Works/NanofiberTrappedAtoms/Notes/Scattering/Figs/Cr_1.pdf> <F:/Research/Works/
NanofiberTrappedAtoms/Notes/Scattering/Figs/Cphi_1.pdf> <F:/Research/Works/Nano
fiberTrappedAtoms/Notes/Scattering/Figs/Sr_1.pdf> <F:/Research/Works/NanofiberT
rappedAtoms/Notes/Scattering/Figs/Sphi_1.pdf>] [18]
<Figs/scatteredmode.png, id=426, 513.92pt x 385.44pt>
File: Figs/scatteredmode.png Graphic file (type png)

<use Figs/scatteredmode.png>
Package pdftex.def Info: Figs/scatteredmode.png used on input line 671.
(pdftex.def)             Requested size: 276.00105pt x 207.00528pt.
 [19] [20 <F:/Research/Works/NanofiberTrappedAtoms/Notes/Scattering/Figs/scatte
redmode.png (PNG copy)>]

Package caption Warning: The option `hypcap=true' will be ignored for this
(caption)                particular \caption on input line 771.
See the caption package documentation for explanation.


Overfull \hbox (15.0pt too wide) in paragraph at lines 769--783
[]$[]$ 
 []

[21] [22]
Overfull \hbox (0.81815pt too wide) in paragraph at lines 879--879
[] 
 []

[23] [24] [25] [26] [27]
<Figs/contourpath2.pdf, id=587, 418.56375pt x 314.17375pt>
File: Figs/contourpath2.pdf Graphic file (type pdf)

<use Figs/contourpath2.pdf>
Package pdftex.def Info: Figs/contourpath2.pdf used on input line 1009.
(pdftex.def)             Requested size: 276.00105pt x 207.16354pt.
 [28 <F:/Research/Works/NanofiberTrappedAtoms/Notes/Scattering/Figs/contourpath
2.pdf>] [29] [30]
(F:\Research\Works\NanofiberTrappedAtoms\Notes\Scattering\MaxwellEquations.tex
Appendix A.

Overfull \hbox (8.29448pt too wide) in paragraph at lines 34--34
[]\OT1/cmr/bx/n/14.4 Fields of trans-la-tion-ally in-vari-ant waveg-uides 
 []

[31


] [32]) [33]
(F:\Research\Works\NanofiberTrappedAtoms\Notes\Scattering\ScatteringInNaTA.bbl)
(F:\Research\Works\NanofiberTrappedAtoms\Notes\Scattering\ScatteringInNaTA.ind
[34


]
Overfull \hbox (1.69469pt too wide) in paragraph at lines 9--10
[]| \OT1/cmr/m/n/10 mod-i-fied Bessel func-tion of the sec-
 []

Missing character: There is no â in font cmr10!
Missing character: There is no € in font cmr10!
Missing character: There is no “ in font cmr10!
[35

])
Package atveryend Info: Empty hook `BeforeClearDocument' on input line 1087.
Package atveryend Info: Empty hook `AfterLastShipout' on input line 1087.

(F:\Research\Works\NanofiberTrappedAtoms\Notes\Scattering\ScatteringInNaTA.aux
(F:\Research\Works\NanofiberTrappedAtoms\Notes\Scattering\MaxwellEquations.aux)
)
Package atveryend Info: Executing hook `AtVeryEndDocument' on input line 1087.
Package atveryend Info: Executing hook `AtEndAfterFileList' on input line 1087.

Package rerunfilecheck Info: File `ScatteringInNaTA.out' has not changed.
(rerunfilecheck)             Checksum: DB499C9342F2DBCDA9B633AB657B2E73;902.
Package atveryend Info: Empty hook `AtVeryVeryEnd' on input line 1087.
 ) 
Here is how much of TeX's memory you used:
 19248 strings out of 493921
 326835 string characters out of 3149293
 550746 words of memory out of 3000000
 21810 multiletter control sequences out of 15000+200000
 19425 words of font info for 72 fonts, out of 3000000 for 9000
 841 hyphenation exceptions out of 8191
 63i,19n,96p,1556b,550s stack positions out of 5000i,500n,10000p,200000b,50000s
<E:/Base/Editors/MikTex/fonts/type1/public/amsfonts/cm/cmbsy10.pfb><E:/Base/E
ditors/MikTex/fonts/type1/public/amsfonts/cm/cmbx10.pfb><E:/Base/Editors/MikTex
/fonts/type1/public/amsfonts/cm/cmbx12.pfb><E:/Base/Editors/MikTex/fonts/type1/
public/amsfonts/cm/cmbx7.pfb><E:/Base/Editors/MikTex/fonts/type1/public/amsfont
s/cm/cmbx8.pfb><E:/Base/Editors/MikTex/fonts/type1/public/amsfonts/cm/cmex10.pf
b><E:/Base/Editors/MikTex/fonts/type1/public/amsfonts/cmextra/cmex8.pfb><E:/Bas
e/Editors/MikTex/fonts/type1/public/amsfonts/cm/cmmi10.pfb><E:/Base/Editors/Mik
Tex/fonts/type1/public/amsfonts/cm/cmmi5.pfb><E:/Base/Editors/MikTex/fonts/type
1/public/amsfonts/cm/cmmi6.pfb><E:/Base/Editors/MikTex/fonts/type1/public/amsfo
nts/cm/cmmi7.pfb><E:/Base/Editors/MikTex/fonts/type1/public/amsfonts/cm/cmmi8.p
fb><E:/Base/Editors/MikTex/fonts/type1/public/amsfonts/cm/cmmib10.pfb><E:/Base/
Editors/MikTex/fonts/type1/public/amsfonts/cmextra/cmmib8.pfb><E:/Base/Editors/
MikTex/fonts/type1/public/amsfonts/cm/cmr10.pfb><E:/Base/Editors/MikTex/fonts/t
ype1/public/amsfonts/cm/cmr12.pfb><E:/Base/Editors/MikTex/fonts/type1/public/am
sfonts/cm/cmr17.pfb><E:/Base/Editors/MikTex/fonts/type1/public/amsfonts/cm/cmr5
.pfb><E:/Base/Editors/MikTex/fonts/type1/public/amsfonts/cm/cmr6.pfb><E:/Base/E
ditors/MikTex/fonts/type1/public/amsfonts/cm/cmr7.pfb><E:/Base/Editors/MikTex/f
onts/type1/public/amsfonts/cm/cmr8.pfb><E:/Base/Editors/MikTex/fonts/type1/publ
ic/amsfonts/cm/cmsy10.pfb><E:/Base/Editors/MikTex/fonts/type1/public/amsfonts/c
m/cmsy5.pfb><E:/Base/Editors/MikTex/fonts/type1/public/amsfonts/cm/cmsy6.pfb><E
:/Base/Editors/MikTex/fonts/type1/public/amsfonts/cm/cmsy7.pfb><E:/Base/Editors
/MikTex/fonts/type1/public/amsfonts/cm/cmsy8.pfb><E:/Base/Editors/MikTex/fonts/
type1/public/amsfonts/cm/cmti10.pfb><E:/Base/Editors/MikTex/fonts/type1/public/
amsfonts/cm/cmtt10.pfb><E:/Base/Editors/MikTex/fonts/type1/public/amsfonts/cm/c
mtt8.pfb><E:/Base/Editors/MikTex/fonts/type1/public/amsfonts/symbols/msam10.pfb
>
Output written on ScatteringInNaTA.pdf (37 pages, 618929 bytes).
PDF statistics:
 866 PDF objects out of 1000 (max. 8388607)
 299 named destinations out of 1000 (max. 500000)
 198 words of extra memory for PDF output out of 10000 (max. 10000000)

